<?xml version="1.0" encoding="UTF-8" standalone="no"?>
<!DOCTYPE log SYSTEM "logger.dtd">
<log>
<record>
  <date>2024-11-01T18:43:51.162846600Z</date>
  <millis>1730486631162</millis>
  <nanos>846600</nanos>
  <sequence>0</sequence>
  <logger>CustomNewsAPI.Core.APIElements.Collection</logger>
  <level>SEVERE</level>
  <class>CustomNewsAPI.Core.Parsers.SimpleParser</class>
  <method>lambda$0</method>
  <thread>1</thread>
  <message>Caught a JSONException while parsing.
{
    "description": "Extend Assignment #1 to support multiple sources and to introduce source processor.",
    "publishedAt": "2021-04-16 09:53:23.709229",
    "url": "https://canvas.calpoly.edu/courses/55411/assignments/274503"
  }
Simple Articles must have non null 'title', 'description', 'url', and 'publishedAt' elements. An invalid SimpleFormat jsonString was used to create a JSONObject.
 Invalid String: {"publishedAt":"2021-04-16 09:53:23.709229","description":"Extend Assignment #1 to support multiple sources and to introduce source processor.","url":"https://canvas.calpoly.edu/courses/55411/assignments/274503"}</message>
</record>
</log>
